<?xml version="1.0" encoding="UTF-8"?>
<testsuite name="es.us.isa.test.TestSuite" time="110.367" tests="17" errors="0" skipped="0" failures="0">
  <properties>
[...]
</properties>
  <testcase name="test01CreateWorkspace" classname="es.us.isa.test.TestBasicCase" time="8.252"/>
  <testcase name="test02CreateProject" classname="es.us.isa.test.TestBasicCase" time="5.784"/>
  <testcase name="test03CreateFile" classname="es.us.isa.test.TestBasicCase" time="6.101"/>
  <testcase name="test04EditFile" classname="es.us.isa.test.TestBasicCase" time="9.354"/>
  <testcase name="test05CreateDescriptionFile" classname="es.us.isa.test.TestBasicCase" time="7.887"/>
  <testcase name="test06CreateBinding" classname="es.us.isa.test.TestBasicCase" time="10.04"/>
  <testcase name="test07UpdateBindingValue" classname="es.us.isa.test.TestBasicCase" time="7.251"/>
  <testcase name="test08CreateMultiBinding" classname="es.us.isa.test.TestBasicCase" time="7.431"/>
  <testcase name="test09UpdateMultiBindingValue" classname="es.us.isa.test.TestBasicCase" time="7.102"/>
  <testcase name="test10RemoveMultiBinding" classname="es.us.isa.test.TestBasicCase" time="8.105"/>
  <testcase name="test11RemoveFile" classname="es.us.isa.test.TestBasicCase" time="6.314"/>
  <testcase name="test12RenameFile" classname="es.us.isa.test.TestBasicCase" time="6.064"/>
  <testcase name="test13RemoveProject" classname="es.us.isa.test.TestBasicCase" time="5.819"/>
  <testcase name="test14RemoveWorkspace" classname="es.us.isa.test.TestBasicCase" time="6.788"/>
  <testcase name="testIAgreeTemplateModule" classname="es.us.isa.test.TestModuleIAgree" time="2.705"/>
  <testcase name="testIAgreeOfferModule" classname="es.us.isa.test.TestModuleIAgree" time="2.625"/>
  <testcase name="testIAgreeAgreementModule" classname="es.us.isa.test.TestModuleIAgree" time="2.745"/>
</testsuite>